2025-01-31 19:25:21,570 - Knowledge - INFO - pull /home/raja/kavia-ai/graphnode-backend-api/data/T0005/19640/esakkiraja100116/Encrpytion-and-decryption/test.py from ingest queue
2025-01-31 19:25:22,018 - Knowledge - INFO - process ingested knowledge for /home/raja/kavia-ai/graphnode-backend-api/data/T0005/19640/esakkiraja100116/Encrpytion-and-decryption/test.py
2025-01-31 19:25:22,381 - Knowledge - INFO - persist ingested knowledge for /home/raja/kavia-ai/graphnode-backend-api/data/T0005/19640/esakkiraja100116/Encrpytion-and-decryption/test.py
2025-01-31 19:25:22,703 - Knowledge - INFO - adding /home/raja/kavia-ai/graphnode-backend-api/data/T0005/19640/esakkiraja100116/Encrpytion-and-decryption/test.py to ingest queue
2025-01-31 19:25:23,031 - Knowledge - INFO - pull /home/raja/kavia-ai/graphnode-backend-api/data/T0005/19640/esakkiraja100116/Encrpytion-and-decryption/main.py from ingest queue
2025-01-31 19:25:23,362 - Knowledge - INFO - process ingested knowledge for /home/raja/kavia-ai/graphnode-backend-api/data/T0005/19640/esakkiraja100116/Encrpytion-and-decryption/main.py
2025-01-31 19:25:23,730 - Knowledge - INFO - persist ingested knowledge for /home/raja/kavia-ai/graphnode-backend-api/data/T0005/19640/esakkiraja100116/Encrpytion-and-decryption/main.py
2025-01-31 19:25:24,089 - Knowledge - INFO - adding /home/raja/kavia-ai/graphnode-backend-api/data/T0005/19640/esakkiraja100116/Encrpytion-and-decryption/main.py to ingest queue
2025-01-31 19:25:24,411 - Knowledge - INFO - pull /home/raja/kavia-ai/graphnode-backend-api/data/T0005/19640/esakkiraja100116/Encrpytion-and-decryption/test_item.py from ingest queue
2025-01-31 19:25:24,728 - Knowledge - INFO - process ingested knowledge for /home/raja/kavia-ai/graphnode-backend-api/data/T0005/19640/esakkiraja100116/Encrpytion-and-decryption/test_item.py
2025-01-31 19:25:25,048 - Knowledge - INFO - persist ingested knowledge for /home/raja/kavia-ai/graphnode-backend-api/data/T0005/19640/esakkiraja100116/Encrpytion-and-decryption/test_item.py
2025-01-31 19:25:25,520 - Knowledge - INFO - adding /home/raja/kavia-ai/graphnode-backend-api/data/T0005/19640/esakkiraja100116/Encrpytion-and-decryption/test_item.py to ingest queue
2025-01-31 19:25:25,850 - Knowledge - INFO - pull /home/raja/kavia-ai/graphnode-backend-api/data/T0005/19640/esakkiraja100116/Encrpytion-and-decryption/README.md from ingest queue
2025-01-31 19:25:26,207 - Knowledge - INFO - process ingested knowledge for /home/raja/kavia-ai/graphnode-backend-api/data/T0005/19640/esakkiraja100116/Encrpytion-and-decryption/README.md
2025-01-31 19:25:26,537 - Knowledge - INFO - persist ingested knowledge for /home/raja/kavia-ai/graphnode-backend-api/data/T0005/19640/esakkiraja100116/Encrpytion-and-decryption/README.md
2025-01-31 19:25:26,870 - Knowledge - INFO - adding /home/raja/kavia-ai/graphnode-backend-api/data/T0005/19640/esakkiraja100116/Encrpytion-and-decryption/README.md to ingest queue
2025-01-31 19:25:27,356 - Knowledge - INFO - pull /home/raja/kavia-ai/graphnode-backend-api/data/T0005/19640/esakkiraja100116/Encrpytion-and-decryption/test.py from ingest queue
2025-01-31 19:25:27,765 - Knowledge - INFO - start ingest for /home/raja/kavia-ai/graphnode-backend-api/data/T0005/19640/esakkiraja100116/Encrpytion-and-decryption/test.py
2025-01-31 19:25:30,841 - Knowledge - INFO - done ingest for /home/raja/kavia-ai/graphnode-backend-api/data/T0005/19640/esakkiraja100116/Encrpytion-and-decryption/test.py
2025-01-31 19:25:31,252 - Knowledge - INFO - process ingested knowledge for /home/raja/kavia-ai/graphnode-backend-api/data/T0005/19640/esakkiraja100116/Encrpytion-and-decryption/test.py
2025-01-31 19:25:31,657 - Knowledge - INFO - persist ingested knowledge for /home/raja/kavia-ai/graphnode-backend-api/data/T0005/19640/esakkiraja100116/Encrpytion-and-decryption/test.py
2025-01-31 19:25:32,017 - Knowledge - INFO - pull /home/raja/kavia-ai/graphnode-backend-api/data/T0005/19640/esakkiraja100116/Encrpytion-and-decryption/main.py from ingest queue
2025-01-31 19:25:32,476 - Knowledge - INFO - start ingest for /home/raja/kavia-ai/graphnode-backend-api/data/T0005/19640/esakkiraja100116/Encrpytion-and-decryption/main.py
2025-01-31 19:25:36,776 - Knowledge - INFO - done ingest for /home/raja/kavia-ai/graphnode-backend-api/data/T0005/19640/esakkiraja100116/Encrpytion-and-decryption/main.py
2025-01-31 19:25:37,128 - Knowledge - INFO - process ingested knowledge for /home/raja/kavia-ai/graphnode-backend-api/data/T0005/19640/esakkiraja100116/Encrpytion-and-decryption/main.py
2025-01-31 19:25:37,465 - Knowledge - INFO - persist ingested knowledge for /home/raja/kavia-ai/graphnode-backend-api/data/T0005/19640/esakkiraja100116/Encrpytion-and-decryption/main.py
2025-01-31 19:25:37,803 - Knowledge - INFO - pull /home/raja/kavia-ai/graphnode-backend-api/data/T0005/19640/esakkiraja100116/Encrpytion-and-decryption/test_item.py from ingest queue
2025-01-31 19:25:38,116 - Knowledge - INFO - start ingest for /home/raja/kavia-ai/graphnode-backend-api/data/T0005/19640/esakkiraja100116/Encrpytion-and-decryption/test_item.py
2025-01-31 19:25:40,938 - Knowledge - INFO - done ingest for /home/raja/kavia-ai/graphnode-backend-api/data/T0005/19640/esakkiraja100116/Encrpytion-and-decryption/test_item.py
2025-01-31 19:25:41,287 - Knowledge - INFO - process ingested knowledge for /home/raja/kavia-ai/graphnode-backend-api/data/T0005/19640/esakkiraja100116/Encrpytion-and-decryption/test_item.py
2025-01-31 19:25:41,692 - Knowledge - INFO - persist ingested knowledge for /home/raja/kavia-ai/graphnode-backend-api/data/T0005/19640/esakkiraja100116/Encrpytion-and-decryption/test_item.py
2025-01-31 19:25:42,107 - Knowledge - INFO - pull /home/raja/kavia-ai/graphnode-backend-api/data/T0005/19640/esakkiraja100116/Encrpytion-and-decryption/README.md from ingest queue
2025-01-31 19:25:42,443 - Knowledge - INFO - start ingest for /home/raja/kavia-ai/graphnode-backend-api/data/T0005/19640/esakkiraja100116/Encrpytion-and-decryption/README.md
2025-01-31 19:25:45,266 - Knowledge - INFO - done ingest for /home/raja/kavia-ai/graphnode-backend-api/data/T0005/19640/esakkiraja100116/Encrpytion-and-decryption/README.md
2025-01-31 19:25:45,788 - Knowledge - INFO - process ingested knowledge for /home/raja/kavia-ai/graphnode-backend-api/data/T0005/19640/esakkiraja100116/Encrpytion-and-decryption/README.md
2025-01-31 19:25:46,198 - Knowledge - INFO - persist ingested knowledge for /home/raja/kavia-ai/graphnode-backend-api/data/T0005/19640/esakkiraja100116/Encrpytion-and-decryption/README.md
